#
# A fatal error has been detected by the Java Runtime Environment:
#
#  Internal Error (javaClasses.cpp:129), pid=7529, tid=3059895104
#  fatal error: Invalid layout of preloaded class
#
# JRE version: 7.0_25-b30
# Java VM: OpenJDK Server VM (23.7-b01 mixed mode linux-x86 )
# Failed to write core dump. Core dumps have been disabled. To enable core dumping, try "ulimit -c unlimited" before starting Java again
#
# If you would like to submit a bug report, please include
# instructions on how to reproduce the bug and visit:
#   https://bugs.launchpad.net/ubuntu/+source/openjdk-7/
#

---------------  T H R E A D  ---------------

Current thread (0xb6406800):  JavaThread "Unknown thread" [_thread_in_vm, id=7534, stack(0xb65d4000,0xb6625000)]

Stack: [0xb65d4000,0xb6625000]
[error occurred during error reporting (printing stack bounds), id 0xb]


[error occurred during error reporting (printing native stack), id 0xb]


---------------  P R O C E S S  ---------------

Java Threads: ( => current thread )

Other Threads:

=>0xb6406800 (exited) JavaThread "Unknown thread" [_thread_in_vm, id=7534, stack(0xb65d4000,0xb6625000)]

VM state:not at safepoint (not fully initialized)

VM Mutex/Monitor currently owned by a thread: None

GC Heap History (0 events):
No events

Deoptimization events (0 events):
No events

Internal exceptions (0 events):
No events

Events (10 events):
Event: 0.008 loading class 0xb6434770 done
Event: 0.008 loading class 0xb64340b0 done
Event: 0.008 loading class 0xb6434088
Event: 0.008 loading class 0xb6464318
Event: 0.008 loading class 0xb6464318 done
Event: 0.009 loading class 0xb6464350
Event: 0.009 loading class 0xb6464350 done
Event: 0.009 loading class 0xb6464388
Event: 0.009 loading class 0xb6464388 done
Event: 0.009 loading class 0xb6434088 done


Dynamic libraries:
08048000-08049000 r-xp 00000000 08:08 1576209    /usr/lib/jvm/java-7-openjdk-i386/jre/bin/java
08049000-0804a000 r--p 00000000 08:08 1576209    /usr/lib/jvm/java-7-openjdk-i386/jre/bin/java
0804a000-0804b000 rw-p 00001000 08:08 1576209    /usr/lib/jvm/java-7-openjdk-i386/jre/bin/java
09b02000-09b23000 rw-p 00000000 00:00 0          [heap]
7b423000-7d700000 rw-p 00000000 00:00 0 
7d700000-7d721000 rw-p 00000000 00:00 0 
7d721000-7d800000 ---p 00000000 00:00 0 
7d87f000-7d880000 ---p 00000000 00:00 0 
7d880000-7d900000 rw-p 00000000 00:00 0          [stack:7538]
7d900000-7d921000 rw-p 00000000 00:00 0 
7d921000-7da00000 ---p 00000000 00:00 0 
7da7f000-7da80000 ---p 00000000 00:00 0 
7da80000-7db00000 rw-p 00000000 00:00 0          [stack:7537]
7db00000-7db21000 rw-p 00000000 00:00 0 
7db21000-7dc00000 ---p 00000000 00:00 0 
7dc1a000-7dc7f000 r--s 004cb000 08:08 4923978    /home/lglmoura/02-android/android-sdk-linux/platforms/android-8/android.jar
7dc7f000-7dc80000 ---p 00000000 00:00 0 
7dc80000-7dd00000 rw-p 00000000 00:00 0          [stack:7536]
7dd00000-7dd21000 rw-p 00000000 00:00 0 
7dd21000-7de00000 ---p 00000000 00:00 0 
7de24000-7de25000 ---p 00000000 00:00 0 
7de25000-7deb5000 rw-p 00000000 00:00 0          [stack:7535]
7deb5000-7df96000 rw-p 00000000 00:00 0 
7df96000-7df9e000 rw-p 00000000 00:00 0 
7df9e000-7dfd6000 rw-p 00000000 00:00 0 
7dfd6000-7dfe6000 rw-p 00000000 00:00 0 
7dfe6000-7e0c6000 rw-p 00000000 00:00 0 
7e0c6000-7e0cf000 rw-p 00000000 00:00 0 
7e0cf000-7e13f000 rw-p 00000000 00:00 0 
7e13f000-7f140000 rw-p 00000000 00:00 0 
7f140000-86140000 rw-p 00000000 00:00 0 
86140000-87f60000 rw-p 00000000 00:00 0 
87f60000-a42a0000 rw-p 00000000 00:00 0 
a42a0000-a51a0000 rw-p 00000000 00:00 0 
a51a0000-b3340000 rw-p 00000000 00:00 0 
b3340000-b3349000 rw-p 00000000 00:00 0 
b3349000-b3400000 rw-p 00000000 00:00 0 
b3400000-b3640000 rwxp 00000000 00:00 0 
b3640000-b646f000 rw-p 00000000 00:00 0 
b646f000-b6500000 ---p 00000000 00:00 0 
b6513000-b651b000 rw-p 00000000 00:00 0 
b651b000-b6553000 rw-p 00000000 00:00 0 
b6553000-b655e000 r-xp 00000000 08:08 3549988    /lib/i386-linux-gnu/libnss_files-2.17.so
b655e000-b655f000 r--p 0000a000 08:08 3549988    /lib/i386-linux-gnu/libnss_files-2.17.so
b655f000-b6560000 rw-p 0000b000 08:08 3549988    /lib/i386-linux-gnu/libnss_files-2.17.so
b6560000-b656a000 r-xp 00000000 08:08 3549994    /lib/i386-linux-gnu/libnss_nis-2.17.so
b656a000-b656b000 r--p 00009000 08:08 3549994    /lib/i386-linux-gnu/libnss_nis-2.17.so
b656b000-b656c000 rw-p 0000a000 08:08 3549994    /lib/i386-linux-gnu/libnss_nis-2.17.so
b656c000-b6581000 r-xp 00000000 08:08 3550003    /lib/i386-linux-gnu/libnsl-2.17.so
b6581000-b6582000 r--p 00014000 08:08 3550003    /lib/i386-linux-gnu/libnsl-2.17.so
b6582000-b6583000 rw-p 00015000 08:08 3550003    /lib/i386-linux-gnu/libnsl-2.17.so
b6583000-b6585000 rw-p 00000000 00:00 0 
b6590000-b6598000 r-xp 00000000 08:08 1578125    /usr/lib/jvm/java-7-openjdk-i386/jre/lib/i386/libzip.so
b6598000-b6599000 r--p 00007000 08:08 1578125    /usr/lib/jvm/java-7-openjdk-i386/jre/lib/i386/libzip.so
b6599000-b659a000 rw-p 00008000 08:08 1578125    /usr/lib/jvm/java-7-openjdk-i386/jre/lib/i386/libzip.so
b659a000-b65a2000 rw-s 00000000 08:08 2101531    /tmp/hsperfdata_lglmoura/7529
b65a2000-b65c9000 r-xp 00000000 08:08 1578261    /usr/lib/jvm/java-7-openjdk-i386/jre/lib/i386/libjava.so
b65c9000-b65ca000 r--p 00026000 08:08 1578261    /usr/lib/jvm/java-7-openjdk-i386/jre/lib/i386/libjava.so
b65ca000-b65cb000 rw-p 00027000 08:08 1578261    /usr/lib/jvm/java-7-openjdk-i386/jre/lib/i386/libjava.so
b65cb000-b65d2000 r-xp 00000000 08:08 3545922    /lib/i386-linux-gnu/librt-2.17.so
b65d2000-b65d3000 r--p 00006000 08:08 3545922    /lib/i386-linux-gnu/librt-2.17.so
b65d3000-b65d4000 rw-p 00007000 08:08 3545922    /lib/i386-linux-gnu/librt-2.17.so
b65d4000-b65d7000 ---p 00000000 00:00 0 
b65d7000-b6625000 rw-p 00000000 00:00 0          [stack:7534]
b6625000-b6640000 r-xp 00000000 08:08 3546842    /lib/i386-linux-gnu/libgcc_s.so.1
b6640000-b6641000 r--p 0001a000 08:08 3546842    /lib/i386-linux-gnu/libgcc_s.so.1
b6641000-b6642000 rw-p 0001b000 08:08 3546842    /lib/i386-linux-gnu/libgcc_s.so.1
b6642000-b6683000 r-xp 00000000 08:08 3549987    /lib/i386-linux-gnu/libm-2.17.so
b6683000-b6684000 r--p 00040000 08:08 3549987    /lib/i386-linux-gnu/libm-2.17.so
b6684000-b6685000 rw-p 00041000 08:08 3549987    /lib/i386-linux-gnu/libm-2.17.so
b6685000-b6761000 r-xp 00000000 08:08 658228     /usr/lib/i386-linux-gnu/libstdc++.so.6.0.17
b6761000-b6762000 ---p 000dc000 08:08 658228     /usr/lib/i386-linux-gnu/libstdc++.so.6.0.17
b6762000-b6766000 r--p 000dc000 08:08 658228     /usr/lib/i386-linux-gnu/libstdc++.so.6.0.17
b6766000-b6767000 rw-p 000e0000 08:08 658228     /usr/lib/i386-linux-gnu/libstdc++.so.6.0.17
b6767000-b676e000 rw-p 00000000 00:00 0 
b676e000-b705f000 r-xp 00000000 08:08 1578135    /usr/lib/jvm/java-7-openjdk-i386/jre/lib/i386/server/libjvm.so
b705f000-b70a6000 r--p 008f1000 08:08 1578135    /usr/lib/jvm/java-7-openjdk-i386/jre/lib/i386/server/libjvm.so
b70a6000-b70ba000 rw-p 00938000 08:08 1578135    /usr/lib/jvm/java-7-openjdk-i386/jre/lib/i386/server/libjvm.so
b70ba000-b74d8000 rw-p 00000000 00:00 0 
b74d8000-b74ef000 r-xp 00000000 08:08 3550008    /lib/i386-linux-gnu/libz.so.1.2.7
b74ef000-b74f0000 r--p 00016000 08:08 3550008    /lib/i386-linux-gnu/libz.so.1.2.7
b74f0000-b74f1000 rw-p 00017000 08:08 3550008    /lib/i386-linux-gnu/libz.so.1.2.7
b74f1000-b7508000 r-xp 00000000 08:08 3549993    /lib/i386-linux-gnu/libpthread-2.17.so
b7508000-b7509000 r--p 00016000 08:08 3549993    /lib/i386-linux-gnu/libpthread-2.17.so
b7509000-b750a000 rw-p 00017000 08:08 3549993    /lib/i386-linux-gnu/libpthread-2.17.so
b750a000-b750c000 rw-p 00000000 00:00 0 
b750c000-b750f000 r-xp 00000000 08:08 3549998    /lib/i386-linux-gnu/libdl-2.17.so
b750f000-b7510000 r--p 00002000 08:08 3549998    /lib/i386-linux-gnu/libdl-2.17.so
b7510000-b7511000 rw-p 00003000 08:08 3549998    /lib/i386-linux-gnu/libdl-2.17.so
b7511000-b76be000 r-xp 00000000 08:08 3549989    /lib/i386-linux-gnu/libc-2.17.so
b76be000-b76c0000 r--p 001ad000 08:08 3549989    /lib/i386-linux-gnu/libc-2.17.so
b76c0000-b76c1000 rw-p 001af000 08:08 3549989    /lib/i386-linux-gnu/libc-2.17.so
b76c1000-b76c4000 rw-p 00000000 00:00 0 
b76c7000-b76ce000 r-xp 00000000 08:08 3549986    /lib/i386-linux-gnu/libnss_compat-2.17.so
b76ce000-b76cf000 r--p 00006000 08:08 3549986    /lib/i386-linux-gnu/libnss_compat-2.17.so
b76cf000-b76d0000 rw-p 00007000 08:08 3549986    /lib/i386-linux-gnu/libnss_compat-2.17.so
b76d0000-b76d1000 rw-p 00000000 00:00 0 
b76d1000-b76d2000 r--p 00000000 00:00 0 
b76d2000-b76df000 r-xp 00000000 08:08 1578178    /usr/lib/jvm/java-7-openjdk-i386/jre/lib/i386/libverify.so
b76df000-b76e0000 r--p 0000d000 08:08 1578178    /usr/lib/jvm/java-7-openjdk-i386/jre/lib/i386/libverify.so
b76e0000-b76e1000 rw-p 0000e000 08:08 1578178    /usr/lib/jvm/java-7-openjdk-i386/jre/lib/i386/libverify.so
b76e1000-b76ee000 r-xp 00000000 08:08 1578223    /usr/lib/jvm/java-7-openjdk-i386/jre/lib/i386/jli/libjli.so
b76ee000-b76ef000 r--p 0000c000 08:08 1578223    /usr/lib/jvm/java-7-openjdk-i386/jre/lib/i386/jli/libjli.so
b76ef000-b76f0000 rw-p 0000d000 08:08 1578223    /usr/lib/jvm/java-7-openjdk-i386/jre/lib/i386/jli/libjli.so
b76f0000-b76f3000 rw-p 00000000 00:00 0 
b76f3000-b76f4000 r-xp 00000000 00:00 0          [vdso]
b76f4000-b7714000 r-xp 00000000 08:08 3550002    /lib/i386-linux-gnu/ld-2.17.so
b7714000-b7715000 r--p 0001f000 08:08 3550002    /lib/i386-linux-gnu/ld-2.17.so
b7715000-b7716000 rw-p 00020000 08:08 3550002    /lib/i386-linux-gnu/ld-2.17.so
bf872000-bf893000 rw-p 00000000 00:00 0          [stack]

VM Arguments:
jvm_args: -Dfile.encoding=UTF-8 -Xbootclasspath:/home/lglmoura/02-android/android-sdk-linux/platforms/android-8/android.jar 
java_command: br.iff.campos.terminalmobileiff.Testet
Launcher Type: SUN_STANDARD

Environment Variables:
PATH=/usr/lib/lightdm/lightdm:/usr/local/sbin:/usr/local/bin:/usr/sbin:/usr/bin:/sbin:/bin:/usr/games:/usr/local/games
LD_LIBRARY_PATH=/usr/lib/jvm/java-7-openjdk-i386/jre/lib/i386/server:/usr/lib/jvm/java-7-openjdk-i386/jre/lib/i386:/usr/lib/jvm/java-7-openjdk-i386/jre/../lib/i386:/usr/lib/jvm/java-7-openjdk-i386/jre/lib/i386/client:/usr/lib/jvm/java-7-openjdk-i386/jre/lib/i386:
SHELL=/bin/zsh
DISPLAY=:0.0

Signal Handlers:
SIGSEGV: [libjvm.so+0x758d30], sa_mask[0]=0x7ffbfeff, sa_flags=0x10000004
SIGBUS: [libjvm.so+0x758d30], sa_mask[0]=0x7ffbfeff, sa_flags=0x10000004
SIGFPE: [libjvm.so+0x5f4230], sa_mask[0]=0x7ffbfeff, sa_flags=0x10000004
SIGPIPE: [libjvm.so+0x5f4230], sa_mask[0]=0x7ffbfeff, sa_flags=0x10000004
SIGXFSZ: [libjvm.so+0x5f4230], sa_mask[0]=0x7ffbfeff, sa_flags=0x10000004
SIGILL: [libjvm.so+0x5f4230], sa_mask[0]=0x7ffbfeff, sa_flags=0x10000004
SIGUSR1: SIG_DFL, sa_mask[0]=0x00000000, sa_flags=0x00000000
SIGUSR2: [libjvm.so+0x5f40e0], sa_mask[0]=0x00000004, sa_flags=0x10000004
SIGHUP: SIG_DFL, sa_mask[0]=0x00000000, sa_flags=0x00000000
SIGINT: SIG_DFL, sa_mask[0]=0x00000000, sa_flags=0x00000000
SIGTERM: SIG_DFL, sa_mask[0]=0x00000000, sa_flags=0x00000000
SIGQUIT: SIG_DFL, sa_mask[0]=0x00000000, sa_flags=0x00000000


---------------  S Y S T E M  ---------------

OS:Ubuntu 13.04 (raring)
uname:Linux 3.8.0-30-generic #44-Ubuntu SMP Thu Aug 22 20:54:42 UTC 2013 i686
libc:glibc 2.17 NPTL 2.17 
rlimit: STACK 8192k, CORE 0k, NPROC 22970, NOFILE 4096, AS infinity
load average:1.08 0.70 0.70

/proc/meminfo:
MemTotal:        2956784 kB
MemFree:          444376 kB
Buffers:           35908 kB
Cached:           753684 kB
SwapCached:        37916 kB
Active:          1514872 kB
Inactive:         882676 kB
Active(anon):    1362388 kB
Inactive(anon):   729392 kB
Active(file):     152484 kB
Inactive(file):   153284 kB
Unevictable:         104 kB
Mlocked:             104 kB
HighTotal:       2084680 kB
HighFree:         166152 kB
LowTotal:         872104 kB
LowFree:          278224 kB
SwapTotal:       2994172 kB
SwapFree:        2812236 kB
Dirty:              1352 kB
Writeback:             0 kB
AnonPages:       1570464 kB
Mapped:           181612 kB
Shmem:            483824 kB
Slab:              64844 kB
SReclaimable:      40148 kB
SUnreclaim:        24696 kB
KernelStack:        5376 kB
PageTables:        20880 kB
NFS_Unstable:          0 kB
Bounce:                0 kB
WritebackTmp:          0 kB
CommitLimit:     4472564 kB
Committed_AS:    6664676 kB
VmallocTotal:     122880 kB
VmallocUsed:       20144 kB
VmallocChunk:     101420 kB
HardwareCorrupted:     0 kB
AnonHugePages:         0 kB
HugePages_Total:       0
HugePages_Free:        0
HugePages_Rsvd:        0
HugePages_Surp:        0
Hugepagesize:       2048 kB
DirectMap4k:       10232 kB
DirectMap2M:      903168 kB


CPU:total 4 (2 cores per cpu, 2 threads per core) family 6 model 37 stepping 5, cmov, cx8, fxsr, mmx, sse, sse2, sse3, ssse3, sse4.1, sse4.2, popcnt, ht, tsc, tscinvbit

/proc/cpuinfo:
processor	: 0
vendor_id	: GenuineIntel
cpu family	: 6
model		: 37
model name	: Intel(R) Core(TM) i3 CPU       M 350  @ 2.27GHz
stepping	: 5
microcode	: 0x2
cpu MHz		: 1333.000
cache size	: 3072 KB
physical id	: 0
siblings	: 4
core id		: 0
cpu cores	: 2
apicid		: 0
initial apicid	: 0
fdiv_bug	: no
hlt_bug		: no
f00f_bug	: no
coma_bug	: no
fpu		: yes
fpu_exception	: yes
cpuid level	: 11
wp		: yes
flags		: fpu vme de pse tsc msr pae mce cx8 apic sep mtrr pge mca cmov pat pse36 clflush dts acpi mmx fxsr sse sse2 ss ht tm pbe nx rdtscp lm constant_tsc arch_perfmon pebs bts xtopology nonstop_tsc aperfmperf pni dtes64 monitor ds_cpl vmx est tm2 ssse3 cx16 xtpr pdcm pcid sse4_1 sse4_2 popcnt lahf_lm arat dtherm tpr_shadow vnmi flexpriority ept vpid
bogomips	: 4533.55
clflush size	: 64
cache_alignment	: 64
address sizes	: 36 bits physical, 48 bits virtual
power management:

processor	: 1
vendor_id	: GenuineIntel
cpu family	: 6
model		: 37
model name	: Intel(R) Core(TM) i3 CPU       M 350  @ 2.27GHz
stepping	: 5
microcode	: 0x2
cpu MHz		: 1733.000
cache size	: 3072 KB
physical id	: 0
siblings	: 4
core id		: 0
cpu cores	: 2
apicid		: 1
initial apicid	: 1
fdiv_bug	: no
hlt_bug		: no
f00f_bug	: no
coma_bug	: no
fpu		: yes
fpu_exception	: yes
cpuid level	: 11
wp		: yes
flags		: fpu vme de pse tsc msr pae mce cx8 apic sep mtrr pge mca cmov pat pse36 clflush dts acpi mmx fxsr sse sse2 ss ht tm pbe nx rdtscp lm constant_tsc arch_perfmon pebs bts xtopology nonstop_tsc aperfmperf pni dtes64 monitor ds_cpl vmx est tm2 ssse3 cx16 xtpr pdcm pcid sse4_1 sse4_2 popcnt lahf_lm arat dtherm tpr_shadow vnmi flexpriority ept vpid
bogomips	: 4533.55
clflush size	: 64
cache_alignment	: 64
address sizes	: 36 bits physical, 48 bits virtual
power management:

processor	: 2
vendor_id	: GenuineIntel
cpu family	: 6
model		: 37
model name	: Intel(R) Core(TM) i3 CPU       M 350  @ 2.27GHz
stepping	: 5
microcode	: 0x2
cpu MHz		: 933.000
cache size	: 3072 KB
physical id	: 0
siblings	: 4
core id		: 2
cpu cores	: 2
apicid		: 4
initial apicid	: 4
fdiv_bug	: no
hlt_bug		: no
f00f_bug	: no
coma_bug	: no
fpu		: yes
fpu_exception	: yes
cpuid level	: 11
wp		: yes
flags		: fpu vme de pse tsc msr pae mce cx8 apic sep mtrr pge mca cmov pat pse36 clflush dts acpi mmx fxsr sse sse2 ss ht tm pbe nx rdtscp lm constant_tsc arch_perfmon pebs bts xtopology nonstop_tsc aperfmperf pni dtes64 monitor ds_cpl vmx est tm2 ssse3 cx16 xtpr pdcm pcid sse4_1 sse4_2 popcnt lahf_lm arat dtherm tpr_shadow vnmi flexpriority ept vpid
bogomips	: 4533.55
clflush size	: 64
cache_alignment	: 64
address sizes	: 36 bits physical, 48 bits virtual
power management:

processor	: 3
vendor_id	: GenuineIntel
cpu family	: 6
model		: 37
model name	: Intel(R) Core(TM) i3 CPU       M 350  @ 2.27GHz
stepping	: 5
microcode	: 0x2
cpu MHz		: 2266.000
cache size	: 3072 KB
physical id	: 0
siblings	: 4
core id		: 2
cpu cores	: 2
apicid		: 5
initial apicid	: 5
fdiv_bug	: no
hlt_bug		: no
f00f_bug	: no
coma_bug	: no
fpu		: yes
fpu_exception	: yes
cpuid level	: 11
wp		: yes
flags		: fpu vme de pse tsc msr pae mce cx8 apic sep mtrr pge mca cmov pat pse36 clflush dts acpi mmx fxsr sse sse2 ss ht tm pbe nx rdtscp lm constant_tsc arch_perfmon pebs bts xtopology nonstop_tsc aperfmperf pni dtes64 monitor ds_cpl vmx est tm2 ssse3 cx16 xtpr pdcm pcid sse4_1 sse4_2 popcnt lahf_lm arat dtherm tpr_shadow vnmi flexpriority ept vpid
bogomips	: 4533.55
clflush size	: 64
cache_alignment	: 64
address sizes	: 36 bits physical, 48 bits virtual
power management:



Memory: 4k page, physical 2956784k(444376k free), swap 2994172k(2812236k free)

vm_info: OpenJDK Server VM (23.7-b01) for linux-x86 JRE (1.7.0_25-b30), built on Jul  3 2013 13:58:32 by "buildd" with gcc 4.7.3

time: Thu Sep 26 22:00:42 2013
elapsed time: 0 seconds

