#
# A fatal error has been detected by the Java Runtime Environment:
#
#  Internal Error (javaClasses.cpp:129), pid=7478, tid=3060669248
#  fatal error: Invalid layout of preloaded class
#
# JRE version: 7.0_25-b30
# Java VM: OpenJDK Server VM (23.7-b01 mixed mode linux-x86 )
# Failed to write core dump. Core dumps have been disabled. To enable core dumping, try "ulimit -c unlimited" before starting Java again
#
# If you would like to submit a bug report, please include
# instructions on how to reproduce the bug and visit:
#   https://bugs.launchpad.net/ubuntu/+source/openjdk-7/
#

---------------  T H R E A D  ---------------

Current thread (0xb6506800):  JavaThread "Unknown thread" [_thread_in_vm, id=7484, stack(0xb6691000,0xb66e2000)]

Stack: [0xb6691000,0xb66e2000]
[error occurred during error reporting (printing stack bounds), id 0xb]


[error occurred during error reporting (printing native stack), id 0xb]


---------------  P R O C E S S  ---------------

Java Threads: ( => current thread )

Other Threads:

=>0xb6506800 (exited) JavaThread "Unknown thread" [_thread_in_vm, id=7484, stack(0xb6691000,0xb66e2000)]

VM state:not at safepoint (not fully initialized)

VM Mutex/Monitor currently owned by a thread: None

GC Heap History (0 events):
No events

Deoptimization events (0 events):
No events

Internal exceptions (0 events):
No events

Events (10 events):
Event: 0.798 loading class 0xb6534770 done
Event: 0.798 loading class 0xb65340b0 done
Event: 0.798 loading class 0xb6534088
Event: 0.798 loading class 0xb6564318
Event: 0.798 loading class 0xb6564318 done
Event: 0.798 loading class 0xb6564350
Event: 0.798 loading class 0xb6564350 done
Event: 0.798 loading class 0xb6564388
Event: 0.798 loading class 0xb6564388 done
Event: 0.798 loading class 0xb6534088 done


Dynamic libraries:
08048000-08049000 r-xp 00000000 08:08 1576209    /usr/lib/jvm/java-7-openjdk-i386/jre/bin/java
08049000-0804a000 r--p 00000000 08:08 1576209    /usr/lib/jvm/java-7-openjdk-i386/jre/bin/java
0804a000-0804b000 rw-p 00001000 08:08 1576209    /usr/lib/jvm/java-7-openjdk-i386/jre/bin/java
08d84000-08da5000 rw-p 00000000 00:00 0          [heap]
7b523000-7d800000 rw-p 00000000 00:00 0 
7d800000-7d821000 rw-p 00000000 00:00 0 
7d821000-7d900000 ---p 00000000 00:00 0 
7d97f000-7d980000 ---p 00000000 00:00 0 
7d980000-7da00000 rw-p 00000000 00:00 0          [stack:7488]
7da00000-7da21000 rw-p 00000000 00:00 0 
7da21000-7db00000 ---p 00000000 00:00 0 
7db00000-7db21000 rw-p 00000000 00:00 0 
7db21000-7dc00000 ---p 00000000 00:00 0 
7dc1a000-7dc7f000 r--s 004cb000 08:08 4923978    /home/lglmoura/02-android/android-sdk-linux/platforms/android-8/android.jar
7dc7f000-7dc80000 ---p 00000000 00:00 0 
7dc80000-7dd00000 rw-p 00000000 00:00 0          [stack:7487]
7dd00000-7dd21000 rw-p 00000000 00:00 0 
7dd21000-7de00000 ---p 00000000 00:00 0 
7de63000-7de64000 ---p 00000000 00:00 0 
7de64000-7dee4000 rw-p 00000000 00:00 0          [stack:7486]
7dee4000-7dee5000 ---p 00000000 00:00 0 
7dee5000-7df6d000 rw-p 00000000 00:00 0          [stack:7485]
7df6d000-7dfa5000 rw-p 00000000 00:00 0 
7dfa5000-7dfb5000 rw-p 00000000 00:00 0 
7dfb5000-7e096000 rw-p 00000000 00:00 0 
7e096000-7e09e000 rw-p 00000000 00:00 0 
7e09e000-7e0d6000 rw-p 00000000 00:00 0 
7e0d6000-7e0e6000 rw-p 00000000 00:00 0 
7e0e6000-7e1c6000 rw-p 00000000 00:00 0 
7e1c6000-7e1cf000 rw-p 00000000 00:00 0 
7e1cf000-7e23f000 rw-p 00000000 00:00 0 
7e23f000-7f240000 rw-p 00000000 00:00 0 
7f240000-86240000 rw-p 00000000 00:00 0 
86240000-88060000 rw-p 00000000 00:00 0 
88060000-a43a0000 rw-p 00000000 00:00 0 
a43a0000-a52a0000 rw-p 00000000 00:00 0 
a52a0000-b3440000 rw-p 00000000 00:00 0 
b3440000-b3449000 rw-p 00000000 00:00 0 
b3449000-b3500000 rw-p 00000000 00:00 0 
b3500000-b3740000 rwxp 00000000 00:00 0 
b3740000-b656f000 rw-p 00000000 00:00 0 
b656f000-b6600000 ---p 00000000 00:00 0 
b6610000-b661b000 r-xp 00000000 08:08 3549988    /lib/i386-linux-gnu/libnss_files-2.17.so
b661b000-b661c000 r--p 0000a000 08:08 3549988    /lib/i386-linux-gnu/libnss_files-2.17.so
b661c000-b661d000 rw-p 0000b000 08:08 3549988    /lib/i386-linux-gnu/libnss_files-2.17.so
b661d000-b6627000 r-xp 00000000 08:08 3549994    /lib/i386-linux-gnu/libnss_nis-2.17.so
b6627000-b6628000 r--p 00009000 08:08 3549994    /lib/i386-linux-gnu/libnss_nis-2.17.so
b6628000-b6629000 rw-p 0000a000 08:08 3549994    /lib/i386-linux-gnu/libnss_nis-2.17.so
b6629000-b663e000 r-xp 00000000 08:08 3550003    /lib/i386-linux-gnu/libnsl-2.17.so
b663e000-b663f000 r--p 00014000 08:08 3550003    /lib/i386-linux-gnu/libnsl-2.17.so
b663f000-b6640000 rw-p 00015000 08:08 3550003    /lib/i386-linux-gnu/libnsl-2.17.so
b6640000-b6642000 rw-p 00000000 00:00 0 
b664d000-b6655000 r-xp 00000000 08:08 1578125    /usr/lib/jvm/java-7-openjdk-i386/jre/lib/i386/libzip.so
b6655000-b6656000 r--p 00007000 08:08 1578125    /usr/lib/jvm/java-7-openjdk-i386/jre/lib/i386/libzip.so
b6656000-b6657000 rw-p 00008000 08:08 1578125    /usr/lib/jvm/java-7-openjdk-i386/jre/lib/i386/libzip.so
b6657000-b665f000 rw-s 00000000 08:08 2102363    /tmp/hsperfdata_lglmoura/7478
b665f000-b6686000 r-xp 00000000 08:08 1578261    /usr/lib/jvm/java-7-openjdk-i386/jre/lib/i386/libjava.so
b6686000-b6687000 r--p 00026000 08:08 1578261    /usr/lib/jvm/java-7-openjdk-i386/jre/lib/i386/libjava.so
b6687000-b6688000 rw-p 00027000 08:08 1578261    /usr/lib/jvm/java-7-openjdk-i386/jre/lib/i386/libjava.so
b6688000-b668f000 r-xp 00000000 08:08 3545922    /lib/i386-linux-gnu/librt-2.17.so
b668f000-b6690000 r--p 00006000 08:08 3545922    /lib/i386-linux-gnu/librt-2.17.so
b6690000-b6691000 rw-p 00007000 08:08 3545922    /lib/i386-linux-gnu/librt-2.17.so
b6691000-b6694000 ---p 00000000 00:00 0 
b6694000-b66e2000 rw-p 00000000 00:00 0          [stack:7484]
b66e2000-b66fd000 r-xp 00000000 08:08 3546842    /lib/i386-linux-gnu/libgcc_s.so.1
b66fd000-b66fe000 r--p 0001a000 08:08 3546842    /lib/i386-linux-gnu/libgcc_s.so.1
b66fe000-b66ff000 rw-p 0001b000 08:08 3546842    /lib/i386-linux-gnu/libgcc_s.so.1
b66ff000-b6740000 r-xp 00000000 08:08 3549987    /lib/i386-linux-gnu/libm-2.17.so
b6740000-b6741000 r--p 00040000 08:08 3549987    /lib/i386-linux-gnu/libm-2.17.so
b6741000-b6742000 rw-p 00041000 08:08 3549987    /lib/i386-linux-gnu/libm-2.17.so
b6742000-b681e000 r-xp 00000000 08:08 658228     /usr/lib/i386-linux-gnu/libstdc++.so.6.0.17
b681e000-b681f000 ---p 000dc000 08:08 658228     /usr/lib/i386-linux-gnu/libstdc++.so.6.0.17
b681f000-b6823000 r--p 000dc000 08:08 658228     /usr/lib/i386-linux-gnu/libstdc++.so.6.0.17
b6823000-b6824000 rw-p 000e0000 08:08 658228     /usr/lib/i386-linux-gnu/libstdc++.so.6.0.17
b6824000-b682b000 rw-p 00000000 00:00 0 
b682b000-b711c000 r-xp 00000000 08:08 1578135    /usr/lib/jvm/java-7-openjdk-i386/jre/lib/i386/server/libjvm.so
b711c000-b7163000 r--p 008f1000 08:08 1578135    /usr/lib/jvm/java-7-openjdk-i386/jre/lib/i386/server/libjvm.so
b7163000-b7177000 rw-p 00938000 08:08 1578135    /usr/lib/jvm/java-7-openjdk-i386/jre/lib/i386/server/libjvm.so
b7177000-b7595000 rw-p 00000000 00:00 0 
b7595000-b75ac000 r-xp 00000000 08:08 3550008    /lib/i386-linux-gnu/libz.so.1.2.7
b75ac000-b75ad000 r--p 00016000 08:08 3550008    /lib/i386-linux-gnu/libz.so.1.2.7
b75ad000-b75ae000 rw-p 00017000 08:08 3550008    /lib/i386-linux-gnu/libz.so.1.2.7
b75ae000-b75c5000 r-xp 00000000 08:08 3549993    /lib/i386-linux-gnu/libpthread-2.17.so
b75c5000-b75c6000 r--p 00016000 08:08 3549993    /lib/i386-linux-gnu/libpthread-2.17.so
b75c6000-b75c7000 rw-p 00017000 08:08 3549993    /lib/i386-linux-gnu/libpthread-2.17.so
b75c7000-b75c9000 rw-p 00000000 00:00 0 
b75c9000-b75cc000 r-xp 00000000 08:08 3549998    /lib/i386-linux-gnu/libdl-2.17.so
b75cc000-b75cd000 r--p 00002000 08:08 3549998    /lib/i386-linux-gnu/libdl-2.17.so
b75cd000-b75ce000 rw-p 00003000 08:08 3549998    /lib/i386-linux-gnu/libdl-2.17.so
b75ce000-b777b000 r-xp 00000000 08:08 3549989    /lib/i386-linux-gnu/libc-2.17.so
b777b000-b777d000 r--p 001ad000 08:08 3549989    /lib/i386-linux-gnu/libc-2.17.so
b777d000-b777e000 rw-p 001af000 08:08 3549989    /lib/i386-linux-gnu/libc-2.17.so
b777e000-b7781000 rw-p 00000000 00:00 0 
b7784000-b778b000 r-xp 00000000 08:08 3549986    /lib/i386-linux-gnu/libnss_compat-2.17.so
b778b000-b778c000 r--p 00006000 08:08 3549986    /lib/i386-linux-gnu/libnss_compat-2.17.so
b778c000-b778d000 rw-p 00007000 08:08 3549986    /lib/i386-linux-gnu/libnss_compat-2.17.so
b778d000-b778e000 rw-p 00000000 00:00 0 
b778e000-b778f000 r--p 00000000 00:00 0 
b778f000-b779c000 r-xp 00000000 08:08 1578178    /usr/lib/jvm/java-7-openjdk-i386/jre/lib/i386/libverify.so
b779c000-b779d000 r--p 0000d000 08:08 1578178    /usr/lib/jvm/java-7-openjdk-i386/jre/lib/i386/libverify.so
b779d000-b779e000 rw-p 0000e000 08:08 1578178    /usr/lib/jvm/java-7-openjdk-i386/jre/lib/i386/libverify.so
b779e000-b77ab000 r-xp 00000000 08:08 1578223    /usr/lib/jvm/java-7-openjdk-i386/jre/lib/i386/jli/libjli.so
b77ab000-b77ac000 r--p 0000c000 08:08 1578223    /usr/lib/jvm/java-7-openjdk-i386/jre/lib/i386/jli/libjli.so
b77ac000-b77ad000 rw-p 0000d000 08:08 1578223    /usr/lib/jvm/java-7-openjdk-i386/jre/lib/i386/jli/libjli.so
b77ad000-b77b0000 rw-p 00000000 00:00 0 
b77b0000-b77b1000 r-xp 00000000 00:00 0          [vdso]
b77b1000-b77d1000 r-xp 00000000 08:08 3550002    /lib/i386-linux-gnu/ld-2.17.so
b77d1000-b77d2000 r--p 0001f000 08:08 3550002    /lib/i386-linux-gnu/ld-2.17.so
b77d2000-b77d3000 rw-p 00020000 08:08 3550002    /lib/i386-linux-gnu/ld-2.17.so
bf829000-bf84a000 rw-p 00000000 00:00 0          [stack]

VM Arguments:
jvm_args: -Dfile.encoding=UTF-8 -Xbootclasspath:/home/lglmoura/02-android/android-sdk-linux/platforms/android-8/android.jar 
java_command: br.iff.campos.terminalmobileiff.Testet
Launcher Type: SUN_STANDARD

Environment Variables:
PATH=/usr/lib/lightdm/lightdm:/usr/local/sbin:/usr/local/bin:/usr/sbin:/usr/bin:/sbin:/bin:/usr/games:/usr/local/games
LD_LIBRARY_PATH=/usr/lib/jvm/java-7-openjdk-i386/jre/lib/i386/server:/usr/lib/jvm/java-7-openjdk-i386/jre/lib/i386:/usr/lib/jvm/java-7-openjdk-i386/jre/../lib/i386:/usr/lib/jvm/java-7-openjdk-i386/jre/lib/i386/client:/usr/lib/jvm/java-7-openjdk-i386/jre/lib/i386:
SHELL=/bin/zsh
DISPLAY=:0.0

Signal Handlers:
SIGSEGV: [libjvm.so+0x758d30], sa_mask[0]=0x7ffbfeff, sa_flags=0x10000004
SIGBUS: [libjvm.so+0x758d30], sa_mask[0]=0x7ffbfeff, sa_flags=0x10000004
SIGFPE: [libjvm.so+0x5f4230], sa_mask[0]=0x7ffbfeff, sa_flags=0x10000004
SIGPIPE: [libjvm.so+0x5f4230], sa_mask[0]=0x7ffbfeff, sa_flags=0x10000004
SIGXFSZ: [libjvm.so+0x5f4230], sa_mask[0]=0x7ffbfeff, sa_flags=0x10000004
SIGILL: [libjvm.so+0x5f4230], sa_mask[0]=0x7ffbfeff, sa_flags=0x10000004
SIGUSR1: SIG_DFL, sa_mask[0]=0x00000000, sa_flags=0x00000000
SIGUSR2: [libjvm.so+0x5f40e0], sa_mask[0]=0x00000004, sa_flags=0x10000004
SIGHUP: SIG_DFL, sa_mask[0]=0x00000000, sa_flags=0x00000000
SIGINT: SIG_DFL, sa_mask[0]=0x00000000, sa_flags=0x00000000
SIGTERM: SIG_DFL, sa_mask[0]=0x00000000, sa_flags=0x00000000
SIGQUIT: SIG_DFL, sa_mask[0]=0x00000000, sa_flags=0x00000000


---------------  S Y S T E M  ---------------

OS:Ubuntu 13.04 (raring)
uname:Linux 3.8.0-30-generic #44-Ubuntu SMP Thu Aug 22 20:54:42 UTC 2013 i686
libc:glibc 2.17 NPTL 2.17 
rlimit: STACK 8192k, CORE 0k, NPROC 22970, NOFILE 4096, AS infinity
load average:0.63 0.55 0.65

/proc/meminfo:
MemTotal:        2956784 kB
MemFree:          189008 kB
Buffers:           31676 kB
Cached:           823860 kB
SwapCached:        38072 kB
Active:          1720868 kB
Inactive:         930740 kB
Active(anon):    1556556 kB
Inactive(anon):   766680 kB
Active(file):     164312 kB
Inactive(file):   164060 kB
Unevictable:         104 kB
Mlocked:             104 kB
HighTotal:       2084680 kB
HighFree:          26156 kB
LowTotal:         872104 kB
LowFree:          162852 kB
SwapTotal:       2994172 kB
SwapFree:        2812080 kB
Dirty:               264 kB
Writeback:             0 kB
AnonPages:       1758420 kB
Mapped:           192644 kB
Shmem:            526908 kB
Slab:              65088 kB
SReclaimable:      40284 kB
SUnreclaim:        24804 kB
KernelStack:        5504 kB
PageTables:        21460 kB
NFS_Unstable:          0 kB
Bounce:                0 kB
WritebackTmp:          0 kB
CommitLimit:     4472564 kB
Committed_AS:    7242584 kB
VmallocTotal:     122880 kB
VmallocUsed:       20144 kB
VmallocChunk:     101420 kB
HardwareCorrupted:     0 kB
AnonHugePages:         0 kB
HugePages_Total:       0
HugePages_Free:        0
HugePages_Rsvd:        0
HugePages_Surp:        0
Hugepagesize:       2048 kB
DirectMap4k:       10232 kB
DirectMap2M:      903168 kB


CPU:total 4 (2 cores per cpu, 2 threads per core) family 6 model 37 stepping 5, cmov, cx8, fxsr, mmx, sse, sse2, sse3, ssse3, sse4.1, sse4.2, popcnt, ht, tsc, tscinvbit

/proc/cpuinfo:
processor	: 0
vendor_id	: GenuineIntel
cpu family	: 6
model		: 37
model name	: Intel(R) Core(TM) i3 CPU       M 350  @ 2.27GHz
stepping	: 5
microcode	: 0x2
cpu MHz		: 933.000
cache size	: 3072 KB
physical id	: 0
siblings	: 4
core id		: 0
cpu cores	: 2
apicid		: 0
initial apicid	: 0
fdiv_bug	: no
hlt_bug		: no
f00f_bug	: no
coma_bug	: no
fpu		: yes
fpu_exception	: yes
cpuid level	: 11
wp		: yes
flags		: fpu vme de pse tsc msr pae mce cx8 apic sep mtrr pge mca cmov pat pse36 clflush dts acpi mmx fxsr sse sse2 ss ht tm pbe nx rdtscp lm constant_tsc arch_perfmon pebs bts xtopology nonstop_tsc aperfmperf pni dtes64 monitor ds_cpl vmx est tm2 ssse3 cx16 xtpr pdcm pcid sse4_1 sse4_2 popcnt lahf_lm arat dtherm tpr_shadow vnmi flexpriority ept vpid
bogomips	: 4533.55
clflush size	: 64
cache_alignment	: 64
address sizes	: 36 bits physical, 48 bits virtual
power management:

processor	: 1
vendor_id	: GenuineIntel
cpu family	: 6
model		: 37
model name	: Intel(R) Core(TM) i3 CPU       M 350  @ 2.27GHz
stepping	: 5
microcode	: 0x2
cpu MHz		: 933.000
cache size	: 3072 KB
physical id	: 0
siblings	: 4
core id		: 0
cpu cores	: 2
apicid		: 1
initial apicid	: 1
fdiv_bug	: no
hlt_bug		: no
f00f_bug	: no
coma_bug	: no
fpu		: yes
fpu_exception	: yes
cpuid level	: 11
wp		: yes
flags		: fpu vme de pse tsc msr pae mce cx8 apic sep mtrr pge mca cmov pat pse36 clflush dts acpi mmx fxsr sse sse2 ss ht tm pbe nx rdtscp lm constant_tsc arch_perfmon pebs bts xtopology nonstop_tsc aperfmperf pni dtes64 monitor ds_cpl vmx est tm2 ssse3 cx16 xtpr pdcm pcid sse4_1 sse4_2 popcnt lahf_lm arat dtherm tpr_shadow vnmi flexpriority ept vpid
bogomips	: 4533.55
clflush size	: 64
cache_alignment	: 64
address sizes	: 36 bits physical, 48 bits virtual
power management:

processor	: 2
vendor_id	: GenuineIntel
cpu family	: 6
model		: 37
model name	: Intel(R) Core(TM) i3 CPU       M 350  @ 2.27GHz
stepping	: 5
microcode	: 0x2
cpu MHz		: 1733.000
cache size	: 3072 KB
physical id	: 0
siblings	: 4
core id		: 2
cpu cores	: 2
apicid		: 4
initial apicid	: 4
fdiv_bug	: no
hlt_bug		: no
f00f_bug	: no
coma_bug	: no
fpu		: yes
fpu_exception	: yes
cpuid level	: 11
wp		: yes
flags		: fpu vme de pse tsc msr pae mce cx8 apic sep mtrr pge mca cmov pat pse36 clflush dts acpi mmx fxsr sse sse2 ss ht tm pbe nx rdtscp lm constant_tsc arch_perfmon pebs bts xtopology nonstop_tsc aperfmperf pni dtes64 monitor ds_cpl vmx est tm2 ssse3 cx16 xtpr pdcm pcid sse4_1 sse4_2 popcnt lahf_lm arat dtherm tpr_shadow vnmi flexpriority ept vpid
bogomips	: 4533.55
clflush size	: 64
cache_alignment	: 64
address sizes	: 36 bits physical, 48 bits virtual
power management:

processor	: 3
vendor_id	: GenuineIntel
cpu family	: 6
model		: 37
model name	: Intel(R) Core(TM) i3 CPU       M 350  @ 2.27GHz
stepping	: 5
microcode	: 0x2
cpu MHz		: 1999.000
cache size	: 3072 KB
physical id	: 0
siblings	: 4
core id		: 2
cpu cores	: 2
apicid		: 5
initial apicid	: 5
fdiv_bug	: no
hlt_bug		: no
f00f_bug	: no
coma_bug	: no
fpu		: yes
fpu_exception	: yes
cpuid level	: 11
wp		: yes
flags		: fpu vme de pse tsc msr pae mce cx8 apic sep mtrr pge mca cmov pat pse36 clflush dts acpi mmx fxsr sse sse2 ss ht tm pbe nx rdtscp lm constant_tsc arch_perfmon pebs bts xtopology nonstop_tsc aperfmperf pni dtes64 monitor ds_cpl vmx est tm2 ssse3 cx16 xtpr pdcm pcid sse4_1 sse4_2 popcnt lahf_lm arat dtherm tpr_shadow vnmi flexpriority ept vpid
bogomips	: 4533.55
clflush size	: 64
cache_alignment	: 64
address sizes	: 36 bits physical, 48 bits virtual
power management:



Memory: 4k page, physical 2956784k(189008k free), swap 2994172k(2812080k free)

vm_info: OpenJDK Server VM (23.7-b01) for linux-x86 JRE (1.7.0_25-b30), built on Jul  3 2013 13:58:32 by "buildd" with gcc 4.7.3

time: Thu Sep 26 22:00:04 2013
elapsed time: 0 seconds

